[debug] [2020-05-04T09:50:30.417Z] ----------------------------------------------------------------------
[debug] [2020-05-04T09:50:30.419Z] Command:       C:\NVM\root\node.exe C:\Users\S783312\.node_modules_global\node_modules\firebase-tools\lib\bin\firebase.js init
[debug] [2020-05-04T09:50:30.420Z] CLI Version:   8.2.0
[debug] [2020-05-04T09:50:30.420Z] Platform:      win32
[debug] [2020-05-04T09:50:30.420Z] Node Version:  v13.0.1
[debug] [2020-05-04T09:50:30.422Z] Time:          Mon May 04 2020 13:50:30 GMT+0400 (Gulf Standard Time)
[debug] [2020-05-04T09:50:30.422Z] ----------------------------------------------------------------------
[debug] [2020-05-04T09:50:30.422Z] 
[debug] [2020-05-04T09:50:30.430Z] > command requires scopes: ["email","openid","https://www.googleapis.com/auth/cloudplatformprojects.readonly","https://www.googleapis.com/auth/firebase","https://www.googleapis.com/auth/cloud-platform"]
[debug] [2020-05-04T09:50:30.431Z] > authorizing via signed-in user
[info] 
     ######## #### ########  ######## ########     ###     ######  ########
     ##        ##  ##     ## ##       ##     ##  ##   ##  ##       ##
     ######    ##  ########  ######   ########  #########  ######  ######
     ##        ##  ##    ##  ##       ##     ## ##     ##       ## ##
     ##       #### ##     ## ######## ########  ##     ##  ######  ########

You're about to initialize a Firebase project in this directory:

  C:\examples\basic-burger-builder

Before we get started, keep in mind:

  * You are currently outside your home directory

[info] 
=== Project Setup
[info] 
[info] First, let's associate this project directory with a Firebase project.
[info] You can create multiple project aliases by running firebase use --add, 
[info] but for now we'll just set up a default project.
[info] 
[debug] [2020-05-04T09:50:40.673Z] >>> HTTP REQUEST GET https://firebase.googleapis.com/v1beta1/projects?pageSize=100  
 
[debug] [2020-05-04T09:50:41.091Z] <<< HTTP RESPONSE 200 {"content-type":"application/json; charset=UTF-8","vary":"X-Origin, Referer, Origin,Accept-Encoding","date":"Mon, 04 May 2020 09:50:41 GMT","server":"ESF","cache-control":"private","x-xss-protection":"0","x-frame-options":"SAMEORIGIN","x-content-type-options":"nosniff","alt-svc":"h3-Q050=\":443\"; ma=2592000,h3-Q049=\":443\"; ma=2592000,h3-Q048=\":443\"; ma=2592000,h3-Q046=\":443\"; ma=2592000,h3-Q043=\":443\"; ma=2592000,quic=\":443\"; ma=2592000; v=\"46,43\"","accept-ranges":"none","transfer-encoding":"chunked"}
[info] i  Using project restendpoints-7684b (restendpoints)
[info] 
=== Hosting Setup
[info] 
[info] Your public directory is the folder (relative to your project directory) that
[info] will contain Hosting assets to be uploaded with firebase deploy. If you
[info] have a build process for your assets, use your build's output directory.
[info] 
